Сборка начата 03.10.2015 16:40:50.
     1>Проект "C:\Users\Alex\Documents\Visual Studio 2013\Projects\kursProjectSFML\kursProjectSFML\kursProjectSFML.vcxproj" в узле 2 (целевые объекты Build).
     1>ClCompile:
         C:\Program Files (x86)\Microsoft Visual Studio 13.0\VC\bin\CL.exe /c /I"C:\SFML-2.3.2\include" /ZI /nologo /W3 /WX- /sdl /Od /Oy- /D SFML_DYNAMICWIN32 /D _DEBUG /D _CONSOLE /D _LIB /D _UNICODE /D UNICODE /Gm /EHsc /RTC1 /MDd /GS /fp:precise /Zc:wchar_t /Zc:forScope /Fo"Debug\\" /Fd"Debug\vc120.pdb" /Gd /TP /analyze- /errorReport:prompt main.cpp
         main.cpp
     1>c:\users\alex\documents\visual studio 2013\projects\kursprojectsfml\kursprojectsfml\level.h(60): warning C4244: return: преобразование "double" в "float", возможна потеря данных
     1>c:\users\alex\documents\visual studio 2013\projects\kursprojectsfml\kursprojectsfml\level.h(144): warning C4244: инициализация: преобразование "double" в "float", возможна потеря данных
     1>c:\users\alex\documents\visual studio 2013\projects\kursprojectsfml\kursprojectsfml\level.h(145): warning C4244: =: преобразование "float" в "int", возможна потеря данных
     1>c:\users\alex\documents\visual studio 2013\projects\kursprojectsfml\kursprojectsfml\level.h(185): warning C4244: аргумент: преобразование "int" в "float", возможна потеря данных
     1>c:\users\alex\documents\visual studio 2013\projects\kursprojectsfml\kursprojectsfml\level.h(242): warning C4244: аргумент: преобразование "int" в "float", возможна потеря данных
     1>c:\users\alex\documents\visual studio 2013\projects\kursprojectsfml\kursprojectsfml\level.h(263): warning C4244: =: преобразование "int" в "float", возможна потеря данных
     1>c:\users\alex\documents\visual studio 2013\projects\kursprojectsfml\kursprojectsfml\level.h(264): warning C4244: =: преобразование "int" в "float", возможна потеря данных
     1>c:\users\alex\documents\visual studio 2013\projects\kursprojectsfml\kursprojectsfml\level.h(265): warning C4244: =: преобразование "int" в "float", возможна потеря данных
     1>c:\users\alex\documents\visual studio 2013\projects\kursprojectsfml\kursprojectsfml\level.h(266): warning C4244: =: преобразование "int" в "float", возможна потеря данных
     1>c:\users\alex\documents\visual studio 2013\projects\kursprojectsfml\kursprojectsfml\level.h(309): warning C4018: <: несоответствие типов со знаком и без знака
     1>c:\users\alex\documents\visual studio 2013\projects\kursprojectsfml\kursprojectsfml\level.h(318): warning C4018: <: несоответствие типов со знаком и без знака
     1>c:\users\alex\documents\visual studio 2013\projects\kursprojectsfml\kursprojectsfml\level.h(340): warning C4018: <: несоответствие типов со знаком и без знака
     1>c:\users\alex\documents\visual studio 2013\projects\kursprojectsfml\kursprojectsfml\level.h(341): warning C4018: <: несоответствие типов со знаком и без знака
     1>c:\users\alex\documents\visual studio 2013\projects\kursprojectsfml\kursprojectsfml\main.cpp(27): warning C4305: =: усечение из "double" к "float"
     1>c:\users\alex\documents\visual studio 2013\projects\kursprojectsfml\kursprojectsfml\main.cpp(45): warning C4244: =: преобразование "double" в "float", возможна потеря данных
     1>c:\users\alex\documents\visual studio 2013\projects\kursprojectsfml\kursprojectsfml\main.cpp(66): warning C4018: <: несоответствие типов со знаком и без знака
     1>c:\users\alex\documents\visual studio 2013\projects\kursprojectsfml\kursprojectsfml\main.cpp(131): warning C4244: инициализация: преобразование "sf::Int64" в "float", возможна потеря данных
     1>c:\users\alex\documents\visual studio 2013\projects\kursprojectsfml\kursprojectsfml\level.h(312): warning C4715: Level::GetObject: значение возвращается не при всех путях выполнения
       Link:
         C:\Program Files (x86)\Microsoft Visual Studio 13.0\VC\bin\link.exe /ERRORREPORT:PROMPT /OUT:"C:\Users\Alex\Documents\Visual Studio 2013\Projects\kursProjectSFML\Debug\kursProjectSFML.exe" /INCREMENTAL /NOLOGO /LIBPATH:"C:\SFML-2.3.2\lib" "sfml-graphics-d.lib" "sfml-window-d.lib" "sfml-system-d.lib" "sfml-audio-d.lib" kernel32.lib user32.lib gdi32.lib winspool.lib comdlg32.lib advapi32.lib shell32.lib ole32.lib oleaut32.lib uuid.lib odbc32.lib odbccp32.lib kernel32.lib user32.lib gdi32.lib winspool.lib comdlg32.lib advapi32.lib shell32.lib ole32.lib oleaut32.lib uuid.lib odbc32.lib odbccp32.lib /MANIFEST /MANIFESTUAC:"level='asInvoker' uiAccess='false'" /manifest:embed /DEBUG /PDB:"C:\Users\Alex\Documents\Visual Studio 2013\Projects\kursProjectSFML\Debug\kursProjectSFML.pdb" /SUBSYSTEM:CONSOLE /TLBID:1 /DYNAMICBASE /NXCOMPAT /IMPLIB:"C:\Users\Alex\Documents\Visual Studio 2013\Projects\kursProjectSFML\Debug\kursProjectSFML.lib" /MACHINE:X86 Debug\main.obj
         Debug\tinystr.obj
         Debug\tinyxml.obj
         Debug\tinyxmlerror.obj
         Debug\tinyxmlparser.obj
         kursProjectSFML.vcxproj -> C:\Users\Alex\Documents\Visual Studio 2013\Projects\kursProjectSFML\Debug\kursProjectSFML.exe
     1>Сборка проекта "C:\Users\Alex\Documents\Visual Studio 2013\Projects\kursProjectSFML\kursProjectSFML\kursProjectSFML.vcxproj" завершена (целевые объекты Build).

Сборка успешно завершена.

Затраченное время: 00:00:01.31
