c:\users\alex\documents\visual studio 2013\projects\kursprojectsfml\kursprojectsfml\debug\vc120.pdb
c:\users\alex\documents\visual studio 2013\projects\kursprojectsfml\kursprojectsfml\debug\vc120.idb
c:\users\alex\documents\visual studio 2013\projects\kursprojectsfml\kursprojectsfml\debug\kub.obj
c:\users\alex\documents\visual studio 2013\projects\kursprojectsfml\kursprojectsfml\debug\level.obj
c:\users\alex\documents\visual studio 2013\projects\kursprojectsfml\kursprojectsfml\debug\main.obj
c:\users\alex\documents\visual studio 2013\projects\kursprojectsfml\kursprojectsfml\debug\menu.obj
c:\users\alex\documents\visual studio 2013\projects\kursprojectsfml\kursprojectsfml\debug\tinystr.obj
c:\users\alex\documents\visual studio 2013\projects\kursprojectsfml\kursprojectsfml\debug\tinyxml.obj
c:\users\alex\documents\visual studio 2013\projects\kursprojectsfml\kursprojectsfml\debug\tinyxmlerror.obj
c:\users\alex\documents\visual studio 2013\projects\kursprojectsfml\kursprojectsfml\debug\tinyxmlparser.obj
c:\users\alex\documents\visual studio 2013\projects\kursprojectsfml\kursprojectsfml\debug\view.obj
c:\users\alex\documents\visual studio 2013\projects\kursprojectsfml\debug\kursprojectsfml.ilk
c:\users\alex\documents\visual studio 2013\projects\kursprojectsfml\debug\kursprojectsfml.exe
c:\users\alex\documents\visual studio 2013\projects\kursprojectsfml\debug\kursprojectsfml.pdb
c:\users\alex\documents\visual studio 2013\projects\kursprojectsfml\kursprojectsfml\debug\kursprojectsfml.tlog\cl.command.1.tlog
c:\users\alex\documents\visual studio 2013\projects\kursprojectsfml\kursprojectsfml\debug\kursprojectsfml.tlog\cl.read.1.tlog
c:\users\alex\documents\visual studio 2013\projects\kursprojectsfml\kursprojectsfml\debug\kursprojectsfml.tlog\cl.write.1.tlog
c:\users\alex\documents\visual studio 2013\projects\kursprojectsfml\kursprojectsfml\debug\kursprojectsfml.tlog\link.command.1.tlog
c:\users\alex\documents\visual studio 2013\projects\kursprojectsfml\kursprojectsfml\debug\kursprojectsfml.tlog\link.read.1.tlog
c:\users\alex\documents\visual studio 2013\projects\kursprojectsfml\kursprojectsfml\debug\kursprojectsfml.tlog\link.write.1.tlog
